<?xml version='1.0' encoding='UTF-8'?>
<testsuite hostname="Nicolas.local" name="streams.BloxorzSuite" tests="21" errors="0" failures="0" skipped="0" time="0.407" timestamp="2020-11-13T09:25:03">
                     <properties>
      <property name="jline.esc.timeout" value="0"/><property name="jna.platform.library.path" value="/usr/lib:/usr/lib"/><property name="java.runtime.name" value="OpenJDK Runtime Environment"/><property name="sun.boot.library.path" value="/Users/Nicolas/Library/Caches/Coursier/jvm/adopt@1.8.0-272/Contents/Home/jre/lib"/><property name="java.vm.version" value="25.272-b10"/><property name="gopherProxySet" value="false"/><property name="java.vm.vendor" value="AdoptOpenJDK"/><property name="java.vendor.url" value="https://adoptopenjdk.net/"/><property name="path.separator" value=":"/><property name="jna.loaded" value="true"/><property name="java.vm.name" value="OpenJDK 64-Bit Server VM"/><property name="file.encoding.pkg" value="sun.io"/><property name="user.country" value="CH"/><property name="sun.java.launcher" value="SUN_STANDARD"/><property name="sun.os.patch.level" value="unknown"/><property name="jna.nosys" value="true"/><property name="java.vm.specification.name" value="Java Virtual Machine Specification"/><property name="user.dir" value="/Users/Nicolas/Desktop/MA1/FP/labs/cs210-streams"/><property name="java.runtime.version" value="1.8.0_272-b10"/><property name="java.awt.graphicsenv" value="sun.awt.CGraphicsEnvironment"/><property name="java.endorsed.dirs" value="/Users/Nicolas/Library/Caches/Coursier/jvm/adopt@1.8.0-272/Contents/Home/jre/lib/endorsed"/><property name="os.arch" value="x86_64"/><property name="java.io.tmpdir" value="/var/folders/gv/9f1qr5t910dbg02_n42k2q1m0000gn/T/"/><property name="line.separator" value="
"/><property name="java.vm.specification.vendor" value="Oracle Corporation"/><property name="log4j.ignoreTCL" value="true"/><property name="os.name" value="Mac OS X"/><property name="sun.jnu.encoding" value="UTF-8"/><property name="jnidispatch.path" value="/Users/Nicolas/Library/Caches/JNA/temp/jna2700278587281754820.tmp"/><property name="java.library.path" value="/Users/Nicolas/Library/Java/Extensions:/Library/Java/Extensions:/Network/Library/Java/Extensions:/System/Library/Java/Extensions:/usr/lib/java:."/><property name="java.specification.name" value="Java Platform API Specification"/><property name="java.class.version" value="52.0"/><property name="sun.management.compiler" value="HotSpot 64-Bit Tiered Compilers"/><property name="os.version" value="10.15.7"/><property name="coursier.mainJar" value="/Users/Nicolas/Library/Application Support/Coursier/bin/sbt"/><property name="swoval.tmpdir" value="/Users/Nicolas/.sbt/1.0"/><property name="user.home" value="/Users/Nicolas"/><property name="user.timezone" value="Europe/Zurich"/><property name="java.awt.printerjob" value="sun.lwawt.macosx.CPrinterJob"/><property name="file.encoding" value="UTF-8"/><property name="java.specification.version" value="1.8"/><property name="java.class.path" value="/Users/Nicolas/Library/Application Support/Coursier/bin/sbt:/Users/Nicolas/Library/Caches/Coursier/v1/https/repo1.maven.org/maven2/io/get-coursier/sbt/sbt-runner/0.2.0/sbt-runner-0.2.0.jar:/Users/Nicolas/Library/Caches/Coursier/v1/https/repo1.maven.org/maven2/org/scala-sbt/sbt-launch/1.4.1/sbt-launch-1.4.1.jar"/><property name="user.name" value="Nicolas"/><property name="jline.shutdownhook" value="false"/><property name="java.vm.specification.version" value="1.8"/><property name="sun.java.command" value="/Users/Nicolas/Library/Application Support/Coursier/bin/sbt"/><property name="java.home" value="/Users/Nicolas/Library/Caches/Coursier/jvm/adopt@1.8.0-272/Contents/Home/jre"/><property name="sun.arch.data.model" value="64"/><property name="user.language" value="fr"/><property name="java.specification.vendor" value="Oracle Corporation"/><property name="awt.toolkit" value="sun.lwawt.macosx.LWCToolkit"/><property name="java.vm.info" value="mixed mode"/><property name="bootstrap.mainClass" value="xsbt.boot.Boot"/><property name="java.version" value="1.8.0_272"/><property name="sbt-launch.version" value="1.4.1"/><property name="java.ext.dirs" value="/Users/Nicolas/Library/Java/Extensions:/Users/Nicolas/Library/Caches/Coursier/jvm/adopt@1.8.0-272/Contents/Home/jre/lib/ext:/Library/Java/Extensions:/Network/Library/Java/Extensions:/System/Library/Java/Extensions:/usr/lib/java"/><property name="sun.boot.class.path" value="/Users/Nicolas/Library/Caches/Coursier/jvm/adopt@1.8.0-272/Contents/Home/jre/lib/resources.jar:/Users/Nicolas/Library/Caches/Coursier/jvm/adopt@1.8.0-272/Contents/Home/jre/lib/rt.jar:/Users/Nicolas/Library/Caches/Coursier/jvm/adopt@1.8.0-272/Contents/Home/jre/lib/sunrsasign.jar:/Users/Nicolas/Library/Caches/Coursier/jvm/adopt@1.8.0-272/Contents/Home/jre/lib/jsse.jar:/Users/Nicolas/Library/Caches/Coursier/jvm/adopt@1.8.0-272/Contents/Home/jre/lib/jce.jar:/Users/Nicolas/Library/Caches/Coursier/jvm/adopt@1.8.0-272/Contents/Home/jre/lib/charsets.jar:/Users/Nicolas/Library/Caches/Coursier/jvm/adopt@1.8.0-272/Contents/Home/jre/lib/jfr.jar:/Users/Nicolas/Library/Caches/Coursier/jvm/adopt@1.8.0-272/Contents/Home/jre/classes"/><property name="java.vendor" value="AdoptOpenJDK"/><property name="file.separator" value="/"/><property name="java.vendor.url.bug" value="https://github.com/AdoptOpenJDK/openjdk-support/issues"/><property name="sun.io.unicode.encoding" value="UnicodeBig"/><property name="sun.cpu.endian" value="little"/><property name="sun.cpu.isalist" value=""/>
    </properties>
                     <testcase classname="streams.BloxorzSuite" name="terrain function level 1 (10pts)" time="0.061">
                                                 
                                               </testcase><testcase classname="streams.BloxorzSuite" name="find char level 1 (10pts)" time="0.012">
                                                 
                                               </testcase><testcase classname="streams.BloxorzSuite" name="out of bounds check 1 (5pts)" time="0.006">
                                                 
                                               </testcase><testcase classname="streams.BloxorzSuite" name="out of bounds check 2 (5pts)" time="0.004">
                                                 
                                               </testcase><testcase classname="streams.BloxorzSuite" name="out of bounds check 3 (5pts)" time="0.007">
                                                 
                                               </testcase><testcase classname="streams.BloxorzSuite" name="out of bounds check 4 (5pts)" time="0.003">
                                                 
                                               </testcase><testcase classname="streams.BloxorzSuite" name="optimal solution for level 1 (5pts)" time="0.058">
                                                 
                                               </testcase><testcase classname="streams.BloxorzSuite" name="neighbors test (5pts)" time="0.003">
                                                 
                                               </testcase><testcase classname="streams.BloxorzSuite" name="legal neighbors test (5pts)" time="0.003">
                                                 
                                               </testcase><testcase classname="streams.BloxorzSuite" name="neighbors and history test (5pts)" time="0.007">
                                                 
                                               </testcase><testcase classname="streams.BloxorzSuite" name="optimal solution length for level 1 (5pts)" time="0.014">
                                                 
                                               </testcase><testcase classname="streams.BloxorzSuite" name="correct solution for level 1 (5pts)" time="0.045">
                                                 
                                               </testcase><testcase classname="streams.BloxorzSuite" name="optimal solution length for level 3 (5pts)" time="0.028">
                                                 
                                               </testcase><testcase classname="streams.BloxorzSuite" name="correct solution for level 3 (5pts)" time="0.023">
                                                 
                                               </testcase><testcase classname="streams.BloxorzSuite" name="optimal solution length for level 6 (5pts)" time="0.03">
                                                 
                                               </testcase><testcase classname="streams.BloxorzSuite" name="correct solution for level 6 (5pts)" time="0.044">
                                                 
                                               </testcase><testcase classname="streams.BloxorzSuite" name="solution length when no solution is possible (5pts)" time="0.008">
                                                 
                                               </testcase><testcase classname="streams.BloxorzSuite" name="optimal solution length for level 33a (5pts)" time="0.005">
                                                 
                                               </testcase><testcase classname="streams.BloxorzSuite" name="correct solution for level 33a (5pts)" time="0.007">
                                                 
                                               </testcase><testcase classname="streams.BloxorzSuite" name="optimal solution length for level 33b (5pts)" time="0.029">
                                                 
                                               </testcase><testcase classname="streams.BloxorzSuite" name="correct solution for level 33b (5pts)" time="0.01">
                                                 
                                               </testcase>
                     <system-out><![CDATA[]]></system-out>
                     <system-err><![CDATA[]]></system-err>
                   </testsuite>