<?xml version='1.0' encoding='UTF-8'?>
<testsuite hostname="tsf-436-wpa-5-191.epfl.ch" name="recfun.RecFunSuite" tests="19" errors="0" failures="0" skipped="0" time="0.166" timestamp="2020-09-21T15:09:57">
                     <properties>
      <property name="jline.esc.timeout" value="0"/><property name="jna.platform.library.path" value="/usr/lib:/usr/lib"/><property name="java.runtime.name" value="OpenJDK Runtime Environment"/><property name="sun.boot.library.path" value="/Users/Nicolas/Library/Caches/Coursier/jvm/adopt@1.8.0-252/Contents/Home/jre/lib"/><property name="java.vm.version" value="25.252-b09"/><property name="gopherProxySet" value="false"/><property name="java.vm.vendor" value="AdoptOpenJDK"/><property name="java.vendor.url" value="http://java.oracle.com/"/><property name="path.separator" value=":"/><property name="jna.loaded" value="true"/><property name="java.vm.name" value="OpenJDK 64-Bit Server VM"/><property name="file.encoding.pkg" value="sun.io"/><property name="user.country" value="CH"/><property name="sun.java.launcher" value="SUN_STANDARD"/><property name="sun.os.patch.level" value="unknown"/><property name="jna.nosys" value="true"/><property name="java.vm.specification.name" value="Java Virtual Machine Specification"/><property name="user.dir" value="/Users/Nicolas/Desktop/MA1/FP/labs/cs210-recfun"/><property name="java.runtime.version" value="1.8.0_252-b09"/><property name="java.awt.graphicsenv" value="sun.awt.CGraphicsEnvironment"/><property name="java.endorsed.dirs" value="/Users/Nicolas/Library/Caches/Coursier/jvm/adopt@1.8.0-252/Contents/Home/jre/lib/endorsed"/><property name="os.arch" value="x86_64"/><property name="java.io.tmpdir" value="/var/folders/gv/9f1qr5t910dbg02_n42k2q1m0000gn/T/"/><property name="line.separator" value="
"/><property name="java.vm.specification.vendor" value="Oracle Corporation"/><property name="log4j.ignoreTCL" value="true"/><property name="os.name" value="Mac OS X"/><property name="sun.jnu.encoding" value="UTF-8"/><property name="jnidispatch.path" value="/Users/Nicolas/Library/Caches/JNA/temp/jna4596641948587356540.tmp"/><property name="java.library.path" value="/Users/Nicolas/Library/Java/Extensions:/Library/Java/Extensions:/Network/Library/Java/Extensions:/System/Library/Java/Extensions:/usr/lib/java:."/><property name="java.specification.name" value="Java Platform API Specification"/><property name="java.class.version" value="52.0"/><property name="sun.management.compiler" value="HotSpot 64-Bit Tiered Compilers"/><property name="os.version" value="10.15.2"/><property name="coursier.mainJar" value="/Users/Nicolas/Library/Application Support/Coursier/bin/sbt"/><property name="swoval.tmpdir" value="/Users/Nicolas/.sbt/1.0"/><property name="user.home" value="/Users/Nicolas"/><property name="user.timezone" value="Europe/Zurich"/><property name="java.awt.printerjob" value="sun.lwawt.macosx.CPrinterJob"/><property name="file.encoding" value="UTF-8"/><property name="java.specification.version" value="1.8"/><property name="java.class.path" value="/Users/Nicolas/Library/Application Support/Coursier/bin/sbt:/Users/Nicolas/Library/Caches/Coursier/v1/https/repo1.maven.org/maven2/io/get-coursier/sbt/sbt-runner/0.2.0/sbt-runner-0.2.0.jar:/Users/Nicolas/Library/Caches/Coursier/v1/https/repo1.maven.org/maven2/org/scala-sbt/sbt-launch/1.3.13/sbt-launch-1.3.13.jar"/><property name="user.name" value="Nicolas"/><property name="jline.shutdownhook" value="false"/><property name="java.vm.specification.version" value="1.8"/><property name="sun.java.command" value="/Users/Nicolas/Library/Application Support/Coursier/bin/sbt"/><property name="java.home" value="/Users/Nicolas/Library/Caches/Coursier/jvm/adopt@1.8.0-252/Contents/Home/jre"/><property name="sun.arch.data.model" value="64"/><property name="user.language" value="fr"/><property name="java.specification.vendor" value="Oracle Corporation"/><property name="awt.toolkit" value="sun.lwawt.macosx.LWCToolkit"/><property name="java.vm.info" value="mixed mode"/><property name="bootstrap.mainClass" value="xsbt.boot.Boot"/><property name="java.version" value="1.8.0_252"/><property name="sbt-launch.version" value="1.3.13"/><property name="java.ext.dirs" value="/Users/Nicolas/Library/Java/Extensions:/Users/Nicolas/Library/Caches/Coursier/jvm/adopt@1.8.0-252/Contents/Home/jre/lib/ext:/Library/Java/Extensions:/Network/Library/Java/Extensions:/System/Library/Java/Extensions:/usr/lib/java"/><property name="sun.boot.class.path" value="/Users/Nicolas/Library/Caches/Coursier/jvm/adopt@1.8.0-252/Contents/Home/jre/lib/resources.jar:/Users/Nicolas/Library/Caches/Coursier/jvm/adopt@1.8.0-252/Contents/Home/jre/lib/rt.jar:/Users/Nicolas/Library/Caches/Coursier/jvm/adopt@1.8.0-252/Contents/Home/jre/lib/sunrsasign.jar:/Users/Nicolas/Library/Caches/Coursier/jvm/adopt@1.8.0-252/Contents/Home/jre/lib/jsse.jar:/Users/Nicolas/Library/Caches/Coursier/jvm/adopt@1.8.0-252/Contents/Home/jre/lib/jce.jar:/Users/Nicolas/Library/Caches/Coursier/jvm/adopt@1.8.0-252/Contents/Home/jre/lib/charsets.jar:/Users/Nicolas/Library/Caches/Coursier/jvm/adopt@1.8.0-252/Contents/Home/jre/lib/jfr.jar:/Users/Nicolas/Library/Caches/Coursier/jvm/adopt@1.8.0-252/Contents/Home/jre/classes"/><property name="java.vendor" value="AdoptOpenJDK"/><property name="file.separator" value="/"/><property name="java.vendor.url.bug" value="http://bugreport.sun.com/bugreport/"/><property name="sun.io.unicode.encoding" value="UnicodeBig"/><property name="sun.cpu.endian" value="little"/><property name="sun.cpu.isalist" value=""/>
    </properties>
                     <testcase classname="recfun.RecFunSuite" name="balance: '(if (zero? x) max (/ 1 x))' is balanced" time="0.054">
                                                 
                                               </testcase><testcase classname="recfun.RecFunSuite" name="balance: 'I told him ...' is balanced" time="0.001">
                                                 
                                               </testcase><testcase classname="recfun.RecFunSuite" name="balance: ':-)' is unbalanced" time="0.001">
                                                 
                                               </testcase><testcase classname="recfun.RecFunSuite" name="balance: counting is not enough" time="0.002">
                                                 
                                               </testcase><testcase classname="recfun.RecFunSuite" name="balance: corner cases" time="0.005">
                                                 
                                               </testcase><testcase classname="recfun.RecFunSuite" name="countChange: example given in instructions" time="0.002">
                                                 
                                               </testcase><testcase classname="recfun.RecFunSuite" name="countChange: sorted CHF" time="0.006">
                                                 
                                               </testcase><testcase classname="recfun.RecFunSuite" name="countChange: no pennies" time="0.002">
                                                 
                                               </testcase><testcase classname="recfun.RecFunSuite" name="countChange: unsorted CHF" time="0.001">
                                                 
                                               </testcase><testcase classname="recfun.RecFunSuite" name="countChange: no coins" time="0.001">
                                                 
                                               </testcase><testcase classname="recfun.RecFunSuite" name="countChange: coins can be reused" time="0.001">
                                                 
                                               </testcase><testcase classname="recfun.RecFunSuite" name="countChange: requested money is not necessarily a multiple of smallest denomination" time="0.006">
                                                 
                                               </testcase><testcase classname="recfun.RecFunSuite" name="countChange: coins can be reused and requested money is not necessarily a multiple of smallest denomination" time="0.004">
                                                 
                                               </testcase><testcase classname="recfun.RecFunSuite" name="pascal: col=0,row=2" time="0.001">
                                                 
                                               </testcase><testcase classname="recfun.RecFunSuite" name="pascal: col=1,row=2" time="0.001">
                                                 
                                               </testcase><testcase classname="recfun.RecFunSuite" name="pascal: col=1,row=3" time="0.001">
                                                 
                                               </testcase><testcase classname="recfun.RecFunSuite" name="pascal: base cases" time="0.002">
                                                 
                                               </testcase><testcase classname="recfun.RecFunSuite" name="pascal: symmetry" time="0.069">
                                                 
                                               </testcase><testcase classname="recfun.RecFunSuite" name="pascal: integers" time="0.006">
                                                 
                                               </testcase>
                     <system-out><![CDATA[]]></system-out>
                     <system-err><![CDATA[]]></system-err>
                   </testsuite>